<?xml version="1.0" encoding="UTF-8"?>
<!-- Generated by org.testng.reporters.JUnitReportReporter -->
<testsuite name="com.course.cases.UpdateUserInfoTest" tests="2" time="0.000" ignored="0" failures="0" timestamp="18 九月 2021 06:17:16 GMT" skipped="2" hostname="DESKTOP-RVNF9VC" errors="0">
  <testcase name="UpdateUserInfo" time="0.000" classname="com.course.cases.UpdateUserInfoTest">
    <skipped/>
  </testcase> <!-- UpdateUserInfo -->
  <testcase name="DeleteUserInfo" time="0.000" classname="com.course.cases.UpdateUserInfoTest">
    <skipped/>
  </testcase> <!-- DeleteUserInfo -->
</testsuite> <!-- com.course.cases.UpdateUserInfoTest -->
