<?xml version="1.0" encoding="UTF-8"?>
<!-- Generated by org.testng.reporters.JUnitReportReporter -->
<testsuite name="com.course.cases.GetUserListTest" tests="1" time="0.000" ignored="0" failures="0" timestamp="18 九月 2021 06:17:16 GMT" skipped="1" hostname="DESKTOP-RVNF9VC" errors="0">
  <testcase name="GetUserListTest" time="0.000" classname="com.course.cases.GetUserListTest">
    <skipped/>
  </testcase> <!-- GetUserListTest -->
</testsuite> <!-- com.course.cases.GetUserListTest -->
